<?xml version="1.0" encoding="UTF-8"?>
<!-- Generated by org.testng.reporters.JUnitXMLReporter -->
<testsuite hostname="Hp" ignored="0" name="Test" tests="4" failures="0" timestamp="2020-03-09T07:27:31 IST" time="100.681" errors="0">
  <testcase name="validationOfNavigation" time="0.167" classname="UdemyAcademy.ValidateNavigation"/>
  <testcase name="initializeBrowser" time="14.096" classname="UdemyAcademy.HomePage"/>
  <testcase name="initializeBrowser" time="19.304" classname="UdemyAcademy.HomePage"/>
  <testcase name="validationOfTitle" time="0.269" classname="UdemyAcademy.ValidateTitle"/>
</testsuite> <!-- Test -->
