<?xml version="1.0" encoding="UTF-8"?>
<!-- Generated by org.testng.reporters.JUnitXMLReporter -->
<testsuite hostname="Hp" ignored="0" name="ValidateNavigationTest" tests="1" failures="0" timestamp="2020-03-10T11:34:33 IST" time="0.115" errors="0">
  <testcase name="@BeforeTest Initialize" time="0.001" classname="UdemyAcademy.ValidateNavigation">
    <failure type="java.lang.NullPointerException">
      <![CDATA[java.lang.NullPointerException
at resources.base.getDriver(base.java:36)
at UdemyAcademy.ValidateNavigation.Initialize(ValidateNavigation.java:24)
... Removed 24 stack frames]]>
    </failure>
  </testcase> <!-- @BeforeTest Initialize -->
  <testcase name="@AfterTest CloseConnection" time="-1.583820273286E9" classname="UdemyAcademy.ValidateNavigation">
    <skipped/>
  </testcase> <!-- @AfterTest CloseConnection -->
  <testcase name="validationOfNavigation" time="0.0" classname="UdemyAcademy.ValidateNavigation">
    <skipped/>
  </testcase> <!-- validationOfNavigation -->
</testsuite> <!-- ValidateNavigationTest -->
